<?xml version="1.0" encoding="UTF-8"?>
<testng-results ignored="0" total="2" passed="2" failed="0" skipped="0">
  <reporter-output>
  </reporter-output>
  <suite started-at="2025-01-27T14:09:13 IST" name="Default suite" finished-at="2025-01-27T14:09:13 IST" duration-ms="151">
    <groups>
    </groups>
    <test started-at="2025-01-27T14:09:13 IST" name="Default test" finished-at="2025-01-27T14:09:13 IST" duration-ms="151">
      <class name="autoDesk.DemoProgramTest">
        <test-method signature="FirstProgram()[pri:0, instance:autoDesk.DemoProgramTest@1349883]" started-at="2025-01-27T14:09:13 IST" name="FirstProgram" finished-at="2025-01-27T14:09:13 IST" duration-ms="20" status="PASS">
          <reporter-output>
          </reporter-output>
        </test-method> <!-- FirstProgram -->
        <test-method signature="SecondProgram()[pri:0, instance:autoDesk.DemoProgramTest@1349883]" started-at="2025-01-27T14:09:13 IST" name="SecondProgram" finished-at="2025-01-27T14:09:13 IST" duration-ms="16" status="PASS">
          <reporter-output>
          </reporter-output>
        </test-method> <!-- SecondProgram -->
      </class> <!-- autoDesk.DemoProgramTest -->
    </test> <!-- Default test -->
  </suite> <!-- Default suite -->
</testng-results>
